\BOOKMARK [0][-]{Doc-Start}{Title}{}% 1
\BOOKMARK [0][-]{chapter*.1}{Contents}{}% 2
\BOOKMARK [0][-]{chapter*.2}{List of Figures}{}% 3
\BOOKMARK [0][-]{chapter*.3}{List of Tables}{}% 4
\BOOKMARK [0][-]{chapter*.4}{List of Algorithms}{}% 5
\BOOKMARK [0][-]{chapter*.5}{Document Preparation and Updates}{}% 6
\BOOKMARK [0][-]{chapter.1}{Introduction}{}% 7
\BOOKMARK [1][-]{section.1.1}{Overview}{chapter.1}% 8
\BOOKMARK [1][-]{section.1.2}{Background}{chapter.1}% 9
\BOOKMARK [0][-]{chapter.2}{Problem}{}% 10
\BOOKMARK [0][-]{chapter.3}{Implementation}{}% 11
\BOOKMARK [1][-]{section.3.1}{Implementation }{chapter.3}% 12
\BOOKMARK [1][-]{section.3.2}{The Game }{chapter.3}% 13
\BOOKMARK [1][-]{section.3.3}{Evolutionary Algorithm }{chapter.3}% 14
\BOOKMARK [1][-]{section.3.4}{The ANNs }{chapter.3}% 15
\BOOKMARK [1][-]{section.3.5}{Training the ANNs }{chapter.3}% 16
\BOOKMARK [1][-]{section.3.6}{The Main }{chapter.3}% 17
\BOOKMARK [0][-]{chapter.4}{Issues}{}% 18
\BOOKMARK [1][-]{section.4.1}{Issues }{chapter.4}% 19
\BOOKMARK [0][-]{chapter.5}{Results}{}% 20
\BOOKMARK [0][-]{chapter.5}{Bibliography}{}% 21
\BOOKMARK [0][-]{appendix.A}{Supporting Materials}{}% 22
\BOOKMARK [0][-]{appendix.B}{Code}{}% 23
\BOOKMARK [0][-]{appendix*.6}{LaTeX Example}{}% 24
